# JRE version: Java(TM) SE Runtime Environment (21.0.1+12) (build 21.0.1+12-LTS-29)
# Java VM: Java HotSpot(TM) 64-Bit Server VM (21.0.1+12-LTS-29, mixed mode, sharing, tiered, compressed oops, compressed class ptrs, g1 gc, windows-amd64)
GC Precious Log:
 CardTable entry size: 512
 Card Set container configuration: InlinePtr #cards 5 size 8 Array Of Cards #cards 12 size 40 Howl #buckets 4 coarsen threshold 1843 Howl Bitmap #cards 512 size 80 coarsen threshold 460 Card regions per heap region 1 cards per card region 2048
 CPUs: 2 total, 2 available
 Memory: 3918M
 Large Page Support: Disabled
 NUMA Support: Disabled
 Compressed Oops: Enabled (32-bit)
 Heap Region Size: 1M
 Heap Min Capacity: 256M
 Heap Initial Capacity: 256M
 Heap Max Capacity: 512M
 Pre-touch: Disabled
 Parallel Workers: 2
 Concurrent Workers: 1
 Concurrent Refinement Workers: 2
 Periodic GC: Disabled
Heap:
 garbage-first heap   total 262144K, used 116882K [0x00000000e0000000, 0x0000000100000000)
  region size 1024K, 79 young (80896K), 12 survivors (12288K)
 Metaspace       used 68622K, committed 70464K, reserved 393216K
  class space    used 9588K, committed 10496K, reserved 327680K
GC Heap History (20 events):
Event: 6.575 GC heap before
{Heap before GC invocations=2 (full 0):
 garbage-first heap   total 262144K, used 20709K [0x00000000e0000000, 0x0000000100000000)
  region size 1024K, 13 young (13312K), 2 survivors (2048K)
 Metaspace       used 3978K, committed 4160K, reserved 393216K
  class space    used 482K, committed 576K, reserved 327680K
}
Event: 6.579 GC heap after
{Heap after GC invocations=3 (full 0):
 garbage-first heap   total 262144K, used 11179K [0x00000000e0000000, 0x0000000100000000)
  region size 1024K, 1 young (1024K), 1 survivors (1024K)
 Metaspace       used 3978K, committed 4160K, reserved 393216K
  class space    used 482K, committed 576K, reserved 327680K
}
Event: 7.816 GC heap before
{Heap before GC invocations=3 (full 0):
 garbage-first heap   total 262144K, used 33707K [0x00000000e0000000, 0x0000000100000000)
  region size 1024K, 23 young (23552K), 1 survivors (1024K)
 Metaspace       used 4139K, committed 4416K, reserved 393216K
  class space    used 499K, committed 640K, reserved 327680K
}
Event: 7.823 GC heap after
{Heap after GC invocations=4 (full 0):
 garbage-first heap   total 262144K, used 15202K [0x00000000e0000000, 0x0000000100000000)
  region size 1024K, 3 young (3072K), 3 survivors (3072K)
 Metaspace       used 4139K, committed 4416K, reserved 393216K
  class space    used 499K, committed 640K, reserved 327680K
}
Event: 18.178 GC heap before
{Heap before GC invocations=4 (full 0):
 garbage-first heap   total 262144K, used 95074K [0x00000000e0000000, 0x0000000100000000)
  region size 1024K, 82 young (83968K), 3 survivors (3072K)
 Metaspace       used 20780K, committed 21504K, reserved 393216K
  class space    used 3057K, committed 3456K, reserved 327680K
}
Event: 18.216 GC heap after
{Heap after GC invocations=5 (full 0):
 garbage-first heap   total 262144K, used 23268K [0x00000000e0000000, 0x0000000100000000)
  region size 1024K, 11 young (11264K), 11 survivors (11264K)
 Metaspace       used 20780K, committed 21504K, reserved 393216K
  class space    used 3057K, committed 3456K, reserved 327680K
}
Event: 23.142 GC heap before
{Heap before GC invocations=6 (full 0):
 garbage-first heap   total 262144K, used 88804K [0x00000000e0000000, 0x0000000100000000)
  region size 1024K, 76 young (77824K), 11 survivors (11264K)
 Metaspace       used 30349K, committed 31552K, reserved 393216K
  class space    used 4441K, committed 5056K, reserved 327680K
}
Event: 23.180 GC heap after
{Heap after GC invocations=7 (full 0):
 garbage-first heap   total 262144K, used 28083K [0x00000000e0000000, 0x0000000100000000)
  region size 1024K, 5 young (5120K), 5 survivors (5120K)
 Metaspace       used 30349K, committed 31552K, reserved 393216K
  class space    used 4441K, committed 5056K, reserved 327680K
}
Event: 212.295 GC heap before
{Heap before GC invocations=7 (full 0):
 garbage-first heap   total 262144K, used 83379K [0x00000000e0000000, 0x0000000100000000)
  region size 1024K, 61 young (62464K), 5 survivors (5120K)
 Metaspace       used 34855K, committed 35968K, reserved 393216K
  class space    used 5077K, committed 5632K, reserved 327680K
}
Event: 212.437 GC heap after
{Heap after GC invocations=8 (full 0):
 garbage-first heap   total 262144K, used 30169K [0x00000000e0000000, 0x0000000100000000)
  region size 1024K, 7 young (7168K), 7 survivors (7168K)
 Metaspace       used 34855K, committed 35968K, reserved 393216K
  class space    used 5077K, committed 5632K, reserved 327680K
}
Event: 213.356 GC heap before
{Heap before GC invocations=8 (full 0):
 garbage-first heap   total 262144K, used 32217K [0x00000000e0000000, 0x0000000100000000)
  region size 1024K, 10 young (10240K), 7 survivors (7168K)
 Metaspace       used 35084K, committed 36288K, reserved 393216K
  class space    used 5116K, committed 5696K, reserved 327680K
}
Event: 213.378 GC heap after
{Heap after GC invocations=9 (full 0):
 garbage-first heap   total 262144K, used 30720K [0x00000000e0000000, 0x0000000100000000)
  region size 1024K, 4 young (4096K), 4 survivors (4096K)
 Metaspace       used 35084K, committed 36288K, reserved 393216K
  class space    used 5116K, committed 5696K, reserved 327680K
}
Event: 220.981 GC heap before
{Heap before GC invocations=10 (full 0):
 garbage-first heap   total 262144K, used 154624K [0x00000000e0000000, 0x0000000100000000)
  region size 1024K, 122 young (124928K), 4 survivors (4096K)
 Metaspace       used 53174K, committed 55040K, reserved 393216K
  class space    used 7613K, committed 8512K, reserved 327680K
}
Event: 221.039 GC heap after
{Heap after GC invocations=11 (full 0):
 garbage-first heap   total 262144K, used 39424K [0x00000000e0000000, 0x0000000100000000)
  region size 1024K, 13 young (13312K), 13 survivors (13312K)
 Metaspace       used 53174K, committed 55040K, reserved 393216K
  class space    used 7613K, committed 8512K, reserved 327680K
}
Event: 223.195 GC heap before
{Heap before GC invocations=11 (full 0):
 garbage-first heap   total 262144K, used 84480K [0x00000000e0000000, 0x0000000100000000)
  region size 1024K, 59 young (60416K), 13 survivors (13312K)
 Metaspace       used 58752K, committed 60608K, reserved 393216K
  class space    used 8531K, committed 9472K, reserved 327680K
}
Event: 223.274 GC heap after
{Heap after GC invocations=12 (full 0):
 garbage-first heap   total 262144K, used 43520K [0x00000000e0000000, 0x0000000100000000)
  region size 1024K, 5 young (5120K), 5 survivors (5120K)
 Metaspace       used 58752K, committed 60608K, reserved 393216K
  class space    used 8531K, committed 9472K, reserved 327680K
}
Event: 223.618 GC heap before
{Heap before GC invocations=12 (full 0):
 garbage-first heap   total 262144K, used 43520K [0x00000000e0000000, 0x0000000100000000)
  region size 1024K, 6 young (6144K), 5 survivors (5120K)
 Metaspace       used 59108K, committed 60928K, reserved 393216K
  class space    used 8565K, committed 9472K, reserved 327680K
}
Event: 223.630 GC heap after
{Heap after GC invocations=13 (full 0):
 garbage-first heap   total 262144K, used 43520K [0x00000000e0000000, 0x0000000100000000)
  region size 1024K, 5 young (5120K), 5 survivors (5120K)
 Metaspace       used 59108K, committed 60928K, reserved 393216K
  class space    used 8565K, committed 9472K, reserved 327680K
}
Event: 379.209 GC heap before
{Heap before GC invocations=14 (full 0):
 garbage-first heap   total 262144K, used 194048K [0x00000000e0000000, 0x0000000100000000)
  region size 1024K, 153 young (156672K), 5 survivors (5120K)
 Metaspace       used 68204K, committed 70080K, reserved 393216K
  class space    used 9585K, committed 10496K, reserved 327680K
}
Event: 379.323 GC heap after
{Heap after GC invocations=15 (full 0):
 garbage-first heap   total 262144K, used 50322K [0x00000000e0000000, 0x0000000100000000)
  region size 1024K, 12 young (12288K), 12 survivors (12288K)
 Metaspace       used 68204K, committed 70080K, reserved 393216K
  class space    used 9585K, committed 10496K, reserved 327680K
}

